<?xml version="1.0" encoding="UTF-8"?>
<!-- Generated by org.testng.reporters.JUnitReportReporter -->
<testsuite skipped="0" hostname="SMARTTECHB300" name="com.smarttechqa.runner.ApiRunner" tests="4" failures="0" timestamp="11 Nov 2022 16:47:06 GMT" time="6.339" errors="0">
  <testcase name="runScenario" time="4.648" classname="com.smarttechqa.runner.ApiRunner"/>
  <testcase name="runScenario" time="0.424" classname="com.smarttechqa.runner.ApiRunner"/>
  <testcase name="runScenario" time="0.429" classname="com.smarttechqa.runner.ApiRunner"/>
  <testcase name="runScenario" time="0.838" classname="com.smarttechqa.runner.ApiRunner"/>
</testsuite> <!-- com.smarttechqa.runner.ApiRunner -->
