<?xml version="1.0" encoding="UTF-8"?>
<!-- Generated by org.testng.reporters.JUnitReportReporter -->
<testsuite hostname="SMARTTECHB300" failures="0" tests="3" name="com.smarttechqa.runner.FeatureRunner" time="34.555" errors="0" timestamp="30 Oct 2022 16:47:09 GMT" skipped="0">
  <testcase classname="com.smarttechqa.runner.FeatureRunner" name="runScenario" time="22.570"/>
  <testcase classname="com.smarttechqa.runner.FeatureRunner" name="runScenario" time="2.645"/>
  <testcase classname="com.smarttechqa.runner.FeatureRunner" name="runScenario" time="9.340"/>
</testsuite> <!-- com.smarttechqa.runner.FeatureRunner -->
