<?xml version="1.0" encoding="UTF-8"?>
<!-- Generated by org.testng.reporters.JUnitReportReporter -->
<testsuite skipped="0" hostname="SMARTTECHB300" name="com.smarttechqa.runner.FeatureRunner" tests="2" failures="0" timestamp="07 Nov 2022 00:44:24 GMT" time="28.429" errors="0">
  <testcase name="runScenario" time="17.584" classname="com.smarttechqa.runner.FeatureRunner"/>
  <testcase name="runScenario" time="10.845" classname="com.smarttechqa.runner.FeatureRunner"/>
</testsuite> <!-- com.smarttechqa.runner.FeatureRunner -->
