<?xml version="1.0" encoding="UTF-8"?>
<!-- Generated by org.testng.reporters.JUnitReportReporter -->
<testsuite skipped="0" hostname="SMARTTECHB300" name="com.smarttechqa.testng.TestNGPractice" tests="2" failures="0" timestamp="03 Feb 2023 00:46:32 GMT" time="11.238" errors="0">
  <testcase name="googleSearch" time="5.543" classname="com.smarttechqa.testng.TestNGPractice"/>
  <testcase name="clickImageButton" time="5.695" classname="com.smarttechqa.testng.TestNGPractice"/>
</testsuite> <!-- com.smarttechqa.testng.TestNGPractice -->
