<?xml version="1.0" encoding="UTF-8"?>
<!-- Generated by org.testng.reporters.JUnitReportReporter -->
<testsuite skipped="0" hostname="SMARTTECHB300" name="com.smarttechqa.testng.DataFromExcel" tests="1" failures="0" timestamp="09 Dec 2022 03:17:40 GMT" time="4.233" errors="0">
  <testcase name="openBrowser" time="4.233" classname="com.smarttechqa.testng.DataFromExcel"/>
</testsuite> <!-- com.smarttechqa.testng.DataFromExcel -->
