<?xml version="1.0" encoding="UTF-8"?>
<!-- Generated by org.testng.reporters.JUnitReportReporter -->
<testsuite hostname="SMARTTECHB300" failures="0" tests="8" name="com.smarttechqa.runner.FeatureRunner" time="32.197" errors="0" timestamp="16 Oct 2022 16:17:04 GMT" skipped="0">
  <testcase classname="com.smarttechqa.runner.FeatureRunner" name="runScenario" time="5.034"/>
  <testcase classname="com.smarttechqa.runner.FeatureRunner" name="runScenario" time="7.098"/>
  <testcase classname="com.smarttechqa.runner.FeatureRunner" name="runScenario" time="2.688"/>
  <testcase classname="com.smarttechqa.runner.FeatureRunner" name="runScenario" time="2.529"/>
  <testcase classname="com.smarttechqa.runner.FeatureRunner" name="runScenario" time="4.917"/>
  <testcase classname="com.smarttechqa.runner.FeatureRunner" name="runScenario" time="4.393"/>
  <testcase classname="com.smarttechqa.runner.FeatureRunner" name="runScenario" time="2.864"/>
  <testcase classname="com.smarttechqa.runner.FeatureRunner" name="runScenario" time="2.674"/>
</testsuite> <!-- com.smarttechqa.runner.FeatureRunner -->
