<?xml version="1.0" encoding="UTF-8"?>
<!-- Generated by org.testng.reporters.JUnitReportReporter -->
<testsuite hostname="SMARTTECHB300" failures="0" tests="4" name="com.smarttechqa.apirunner.ApiRunner" time="0.520" errors="4" timestamp="06 Nov 2022 18:59:01 GMT" skipped="0">
  <testcase classname="com.smarttechqa.apirunner.ApiRunner" name="runScenario" time="0.046">
    <error message="Could not initialize class io.restassured.RestAssured" type="java.lang.NoClassDefFoundError">
      <![CDATA[java.lang.NoClassDefFoundError: Could not initialize class io.restassured.RestAssured
at com.smarttechqa.apistepdef.ProductApiStepDef.user_generates_a_token(ProductApiStepDef.java:21)
at ✽.User generates a token(file:///C:/Users/smarttech/git/repository/Techshop_Project_B28/Features/ProductApi.feature:5)
]]>
    </error>
  </testcase> <!-- runScenario -->
  <testcase classname="com.smarttechqa.apirunner.ApiRunner" name="runScenario" time="0.026">
    <error message="Could not initialize class io.restassured.RestAssured" type="java.lang.NoClassDefFoundError">
      <![CDATA[java.lang.NoClassDefFoundError: Could not initialize class io.restassured.RestAssured
at com.smarttechqa.apistepdef.ProductApiStepDef.user_generates_a_token(ProductApiStepDef.java:21)
at ✽.User generates a token(file:///C:/Users/smarttech/git/repository/Techshop_Project_B28/Features/ProductApi.feature:5)
]]>
    </error>
  </testcase> <!-- runScenario -->
  <testcase classname="com.smarttechqa.apirunner.ApiRunner" name="runScenario" time="0.412">
    <error message="Could not initialize class org.codehaus.groovy.reflection.ReflectionCache" type="java.lang.NoClassDefFoundError">
      <![CDATA[java.lang.NoClassDefFoundError: Could not initialize class org.codehaus.groovy.reflection.ReflectionCache
at org.codehaus.groovy.runtime.dgmimpl.NumberNumberMetaMethod.<clinit>(NumberNumberMetaMethod.java:33)
at java.base/jdk.internal.reflect.NativeConstructorAccessorImpl.newInstance0(Native Method)
at java.base/jdk.internal.reflect.NativeConstructorAccessorImpl.newInstance(NativeConstructorAccessorImpl.java:77)
at java.base/jdk.internal.reflect.DelegatingConstructorAccessorImpl.newInstance(DelegatingConstructorAccessorImpl.java:45)
at java.base/java.lang.reflect.Constructor.newInstanceWithCaller(Constructor.java:499)
at java.base/java.lang.reflect.ReflectAccess.newInstance(ReflectAccess.java:128)
at java.base/jdk.internal.reflect.ReflectionFactory.newInstance(ReflectionFactory.java:347)
at java.base/java.lang.Class.newInstance(Class.java:645)
at org.codehaus.groovy.runtime.metaclass.MetaClassRegistryImpl.createMetaMethodFromClass(MetaClassRegistryImpl.java:257)
at org.codehaus.groovy.runtime.metaclass.MetaClassRegistryImpl.<init>(MetaClassRegistryImpl.java:110)
at org.codehaus.groovy.runtime.metaclass.MetaClassRegistryImpl.<init>(MetaClassRegistryImpl.java:85)
at groovy.lang.GroovySystem.<clinit>(GroovySystem.java:36)
at org.codehaus.groovy.runtime.InvokerHelper.<clinit>(InvokerHelper.java:86)
at org.codehaus.groovy.runtime.ScriptBytecodeAdapter.createMap(ScriptBytecodeAdapter.java:635)
at io.restassured.internal.ResponseParserRegistrar.<init>(ResponseParserRegistrar.groovy)
at io.restassured.RestAssured.<clinit>(RestAssured.java:346)
at com.smarttechqa.apistepdef.ProductApiStepDef.user_generates_a_token(ProductApiStepDef.java:21)
at ✽.User generates a token(file:///C:/Users/smarttech/git/repository/Techshop_Project_B28/Features/ProductApi.feature:5)
]]>
    </error>
  </testcase> <!-- runScenario -->
  <testcase classname="com.smarttechqa.apirunner.ApiRunner" name="runScenario" time="0.036">
    <error message="Could not initialize class io.restassured.RestAssured" type="java.lang.NoClassDefFoundError">
      <![CDATA[java.lang.NoClassDefFoundError: Could not initialize class io.restassured.RestAssured
at com.smarttechqa.apistepdef.ProductApiStepDef.user_generates_a_token(ProductApiStepDef.java:21)
at ✽.User generates a token(file:///C:/Users/smarttech/git/repository/Techshop_Project_B28/Features/ProductApi.feature:5)
]]>
    </error>
  </testcase> <!-- runScenario -->
</testsuite> <!-- com.smarttechqa.apirunner.ApiRunner -->
