<?xml version="1.0" encoding="UTF-8"?>
<!-- Generated by org.testng.reporters.JUnitReportReporter -->
<testsuite hostname="SMARTTECHB300" failures="0" tests="3" name="com.smarttechqa.runner.FeatureRunner" time="47.355" errors="0" timestamp="28 Oct 2022 01:27:10 GMT" skipped="0">
  <testcase classname="com.smarttechqa.runner.FeatureRunner" name="runScenario" time="20.088"/>
  <testcase classname="com.smarttechqa.runner.FeatureRunner" name="runScenario" time="20.324"/>
  <testcase classname="com.smarttechqa.runner.FeatureRunner" name="runScenario" time="6.943"/>
</testsuite> <!-- com.smarttechqa.runner.FeatureRunner -->
