<?xml version="1.0" encoding="UTF-8"?>
<!-- Generated by org.testng.reporters.JUnitReportReporter -->
<testsuite skipped="0" hostname="SMARTTECHB300" name="com.smarttechqa.runner.ApiRunner" tests="4" failures="0" timestamp="13 Nov 2022 21:00:07 GMT" time="7.449" errors="0">
  <testcase name="runScenario" time="4.796" classname="com.smarttechqa.runner.ApiRunner"/>
  <testcase name="runScenario" time="0.949" classname="com.smarttechqa.runner.ApiRunner"/>
  <testcase name="runScenario" time="1.023" classname="com.smarttechqa.runner.ApiRunner"/>
  <testcase name="runScenario" time="0.681" classname="com.smarttechqa.runner.ApiRunner"/>
</testsuite> <!-- com.smarttechqa.runner.ApiRunner -->
