<?xml version="1.0" encoding="UTF-8"?>
<!-- Generated by org.testng.reporters.JUnitReportReporter -->
<testsuite skipped="0" hostname="SMARTTECHB300" name="com.smarttechqa.runner.ApiRunner" tests="4" failures="0" timestamp="07 Nov 2022 00:59:56 GMT" time="5.154" errors="0">
  <testcase name="runScenario" time="0.419" classname="com.smarttechqa.runner.ApiRunner"/>
  <testcase name="runScenario" time="3.793" classname="com.smarttechqa.runner.ApiRunner"/>
  <testcase name="runScenario" time="0.546" classname="com.smarttechqa.runner.ApiRunner"/>
  <testcase name="runScenario" time="0.396" classname="com.smarttechqa.runner.ApiRunner"/>
</testsuite> <!-- com.smarttechqa.runner.ApiRunner -->
