<?xml version="1.0" encoding="UTF-8"?>
<!-- Generated by org.testng.reporters.JUnitReportReporter -->
<testsuite hostname="SMARTTECHB300" failures="0" tests="2" name="com.smarttechqa.testng.TestNGPractice" time="8.400" errors="0" timestamp="16 Oct 2022 19:02:44 GMT" skipped="0">
  <testcase classname="com.smarttechqa.testng.TestNGPractice" name="googleSearch" time="5.203"/>
  <testcase classname="com.smarttechqa.testng.TestNGPractice" name="clickImageButton" time="3.197"/>
</testsuite> <!-- com.smarttechqa.testng.TestNGPractice -->
