<?xml version="1.0" encoding="UTF-8"?>
<!-- Generated by org.testng.reporters.JUnitReportReporter -->
<testsuite hostname="SMARTTECHB300" failures="0" tests="8" name="com.smarttechqa.runner.FeatureRunner" time="46.145" errors="0" timestamp="09 Oct 2022 19:08:58 GMT" skipped="0">
  <testcase classname="com.smarttechqa.runner.FeatureRunner" name="runScenario" time="7.341"/>
  <testcase classname="com.smarttechqa.runner.FeatureRunner" name="runScenario" time="5.179"/>
  <testcase classname="com.smarttechqa.runner.FeatureRunner" name="runScenario" time="5.678"/>
  <testcase classname="com.smarttechqa.runner.FeatureRunner" name="runScenario" time="4.812"/>
  <testcase classname="com.smarttechqa.runner.FeatureRunner" name="runScenario" time="5.216"/>
  <testcase classname="com.smarttechqa.runner.FeatureRunner" name="runScenario" time="6.914"/>
  <testcase classname="com.smarttechqa.runner.FeatureRunner" name="runScenario" time="4.812"/>
  <testcase classname="com.smarttechqa.runner.FeatureRunner" name="runScenario" time="6.193"/>
</testsuite> <!-- com.smarttechqa.runner.FeatureRunner -->
