<?xml version="1.0" encoding="UTF-8"?>
<!-- Generated by org.testng.reporters.JUnitReportReporter -->
<testsuite hostname="SMARTTECHB300" failures="0" tests="24" name="com.smarttechqa.runner.FeatureRunner" time="83.536" errors="0" timestamp="24 Oct 2022 00:42:32 GMT" skipped="0">
  <testcase classname="com.smarttechqa.runner.FeatureRunner" name="runScenario" time="2.679"/>
  <testcase classname="com.smarttechqa.runner.FeatureRunner" name="runScenario" time="2.613"/>
  <testcase classname="com.smarttechqa.runner.FeatureRunner" name="runScenario" time="4.220"/>
  <testcase classname="com.smarttechqa.runner.FeatureRunner" name="runScenario" time="4.467"/>
  <testcase classname="com.smarttechqa.runner.FeatureRunner" name="runScenario" time="3.885"/>
  <testcase classname="com.smarttechqa.runner.FeatureRunner" name="runScenario" time="2.928"/>
  <testcase classname="com.smarttechqa.runner.FeatureRunner" name="runScenario" time="3.779"/>
  <testcase classname="com.smarttechqa.runner.FeatureRunner" name="runScenario" time="3.586"/>
  <testcase classname="com.smarttechqa.runner.FeatureRunner" name="runScenario" time="2.647"/>
  <testcase classname="com.smarttechqa.runner.FeatureRunner" name="runScenario" time="2.720"/>
  <testcase classname="com.smarttechqa.runner.FeatureRunner" name="runScenario" time="2.543"/>
  <testcase classname="com.smarttechqa.runner.FeatureRunner" name="runScenario" time="3.554"/>
  <testcase classname="com.smarttechqa.runner.FeatureRunner" name="runScenario" time="2.039"/>
  <testcase classname="com.smarttechqa.runner.FeatureRunner" name="runScenario" time="3.537"/>
  <testcase classname="com.smarttechqa.runner.FeatureRunner" name="runScenario" time="4.518"/>
  <testcase classname="com.smarttechqa.runner.FeatureRunner" name="runScenario" time="8.311"/>
  <testcase classname="com.smarttechqa.runner.FeatureRunner" name="runScenario" time="3.569"/>
  <testcase classname="com.smarttechqa.runner.FeatureRunner" name="runScenario" time="2.211"/>
  <testcase classname="com.smarttechqa.runner.FeatureRunner" name="runScenario" time="4.612"/>
  <testcase classname="com.smarttechqa.runner.FeatureRunner" name="runScenario" time="4.169"/>
  <testcase classname="com.smarttechqa.runner.FeatureRunner" name="runScenario" time="2.937"/>
  <testcase classname="com.smarttechqa.runner.FeatureRunner" name="runScenario" time="2.602"/>
  <testcase classname="com.smarttechqa.runner.FeatureRunner" name="runScenario" time="2.219"/>
  <testcase classname="com.smarttechqa.runner.FeatureRunner" name="runScenario" time="3.191"/>
</testsuite> <!-- com.smarttechqa.runner.FeatureRunner -->
